  ContraGame.cpp
C:\Users\sheep\Desktop\大一上\程序设计基础\程序设计基础_2021_大作业_框架与模板\src\ContraGame\ContraGame.cpp(394,12): warning C4244: “参数”: 从“time_t”转换到“unsigned int”，可能丢失数据
C:\Users\sheep\Desktop\大一上\程序设计基础\程序设计基础_2021_大作业_框架与模板\src\ContraGame\ContraGame.cpp(671,20): warning C4018: “<”: 有符号/无符号不匹配
C:\Users\sheep\Desktop\大一上\程序设计基础\程序设计基础_2021_大作业_框架与模板\src\ContraGame\ContraGame.cpp(1071,17): warning C4244: “=”: 从“double”转换到“int”，可能丢失数据
C:\Users\sheep\Desktop\大一上\程序设计基础\程序设计基础_2021_大作业_框架与模板\src\ContraGame\ContraGame.cpp(1075,17): warning C4244: “=”: 从“double”转换到“int”，可能丢失数据
C:\Users\sheep\Desktop\大一上\程序设计基础\程序设计基础_2021_大作业_框架与模板\src\ContraGame\ContraGame.cpp(1166,33): warning C4018: “>=”: 有符号/无符号不匹配
C:\Users\sheep\Desktop\大一上\程序设计基础\程序设计基础_2021_大作业_框架与模板\src\ContraGame\ContraGame.cpp(1169,15): warning C4244: “初始化”: 从“double”转换到“int”，可能丢失数据
C:\Users\sheep\Desktop\大一上\程序设计基础\程序设计基础_2021_大作业_框架与模板\src\ContraGame\ContraGame.cpp(1170,15): warning C4244: “初始化”: 从“double”转换到“int”，可能丢失数据
C:\Users\sheep\Desktop\大一上\程序设计基础\程序设计基础_2021_大作业_框架与模板\src\ContraGame\ContraGame.cpp(1182,15): warning C4244: “=”: 从“double”转换到“int”，可能丢失数据
C:\Users\sheep\Desktop\大一上\程序设计基础\程序设计基础_2021_大作业_框架与模板\src\ContraGame\ContraGame.cpp(1187,15): warning C4244: “=”: 从“double”转换到“int”，可能丢失数据
C:\Users\sheep\Desktop\大一上\程序设计基础\程序设计基础_2021_大作业_框架与模板\src\ContraGame\ContraGame.cpp(1194,15): warning C4244: “=”: 从“double”转换到“int”，可能丢失数据
C:\Users\sheep\Desktop\大一上\程序设计基础\程序设计基础_2021_大作业_框架与模板\src\ContraGame\ContraGame.cpp(1199,15): warning C4244: “=”: 从“double”转换到“int”，可能丢失数据
C:\Users\sheep\Desktop\大一上\程序设计基础\程序设计基础_2021_大作业_框架与模板\src\ContraGame\ContraGame.cpp(1249,21): warning C4018: “<”: 有符号/无符号不匹配
C:\Users\sheep\Desktop\大一上\程序设计基础\程序设计基础_2021_大作业_框架与模板\src\ContraGame\ContraGame.cpp(1269,21): warning C4018: “<”: 有符号/无符号不匹配
C:\Users\sheep\Desktop\大一上\程序设计基础\程序设计基础_2021_大作业_框架与模板\src\ContraGame\ContraGame.cpp(1287,21): warning C4018: “<”: 有符号/无符号不匹配
C:\Users\sheep\Desktop\大一上\程序设计基础\程序设计基础_2021_大作业_框架与模板\src\ContraGame\ContraGame.cpp(1318,21): warning C4018: “<”: 有符号/无符号不匹配
C:\Users\sheep\Desktop\大一上\程序设计基础\程序设计基础_2021_大作业_框架与模板\src\ContraGame\ContraGame.cpp(1379,117): warning C4244: “参数”: 从“double”转换到“int”，可能丢失数据
C:\Users\sheep\Desktop\大一上\程序设计基础\程序设计基础_2021_大作业_框架与模板\src\ContraGame\ContraGame.cpp(1379,100): warning C4244: “参数”: 从“double”转换到“int”，可能丢失数据
C:\Users\sheep\Desktop\大一上\程序设计基础\程序设计基础_2021_大作业_框架与模板\src\ContraGame\ContraGame.cpp(1779,17): warning C4244: “初始化”: 从“double”转换到“int”，可能丢失数据
C:\Users\sheep\Desktop\大一上\程序设计基础\程序设计基础_2021_大作业_框架与模板\src\ContraGame\ContraGame.cpp(1780,17): warning C4244: “初始化”: 从“double”转换到“int”，可能丢失数据
C:\Users\sheep\Desktop\大一上\程序设计基础\程序设计基础_2021_大作业_框架与模板\src\ContraGame\ContraGame.cpp(1994,30): warning C4244: “=”: 从“double”转换到“int”，可能丢失数据
C:\Users\sheep\Desktop\大一上\程序设计基础\程序设计基础_2021_大作业_框架与模板\src\ContraGame\ContraGame.cpp(1995,30): warning C4244: “=”: 从“double”转换到“int”，可能丢失数据
C:\Users\sheep\Desktop\大一上\程序设计基础\程序设计基础_2021_大作业_框架与模板\src\ContraGame\ContraGame.cpp(2145,121): warning C4244: “参数”: 从“double”转换到“int”，可能丢失数据
C:\Users\sheep\Desktop\大一上\程序设计基础\程序设计基础_2021_大作业_框架与模板\src\ContraGame\ContraGame.cpp(2145,93): warning C4244: “参数”: 从“double”转换到“int”，可能丢失数据
C:\Users\sheep\Desktop\大一上\程序设计基础\程序设计基础_2021_大作业_框架与模板\src\ContraGame\ContraGame.cpp(2145,67): warning C4244: “参数”: 从“double”转换到“int”，可能丢失数据
C:\Users\sheep\Desktop\大一上\程序设计基础\程序设计基础_2021_大作业_框架与模板\src\ContraGame\ContraGame.cpp(2145,43): warning C4244: “参数”: 从“double”转换到“int”，可能丢失数据
C:\Users\sheep\Desktop\大一上\程序设计基础\程序设计基础_2021_大作业_框架与模板\src\ContraGame\ContraGame.cpp(2214,77): warning C4244: “参数”: 从“double”转换到“int”，可能丢失数据
C:\Users\sheep\Desktop\大一上\程序设计基础\程序设计基础_2021_大作业_框架与模板\src\ContraGame\ContraGame.cpp(2214,68): warning C4244: “参数”: 从“double”转换到“int”，可能丢失数据
C:\Users\sheep\Desktop\大一上\程序设计基础\程序设计基础_2021_大作业_框架与模板\src\ContraGame\ContraGame.cpp(2218,76): warning C4244: “参数”: 从“double”转换到“int”，可能丢失数据
C:\Users\sheep\Desktop\大一上\程序设计基础\程序设计基础_2021_大作业_框架与模板\src\ContraGame\ContraGame.cpp(2218,67): warning C4244: “参数”: 从“double”转换到“int”，可能丢失数据
C:\Users\sheep\Desktop\大一上\程序设计基础\程序设计基础_2021_大作业_框架与模板\src\ContraGame\ContraGame.cpp(2503,17): warning C4244: “初始化”: 从“double”转换到“int”，可能丢失数据
C:\Users\sheep\Desktop\大一上\程序设计基础\程序设计基础_2021_大作业_框架与模板\src\ContraGame\ContraGame.cpp(2504,17): warning C4244: “初始化”: 从“double”转换到“int”，可能丢失数据
C:\Users\sheep\Desktop\大一上\程序设计基础\程序设计基础_2021_大作业_框架与模板\src\ContraGame\ContraGame.cpp(2736,17): warning C4244: “初始化”: 从“double”转换到“int”，可能丢失数据
C:\Users\sheep\Desktop\大一上\程序设计基础\程序设计基础_2021_大作业_框架与模板\src\ContraGame\ContraGame.cpp(2737,17): warning C4244: “初始化”: 从“double”转换到“int”，可能丢失数据
C:\Users\sheep\Desktop\大一上\程序设计基础\程序设计基础_2021_大作业_框架与模板\src\ContraGame\ContraGame.cpp(2817,21): warning C4018: “<”: 有符号/无符号不匹配
C:\Users\sheep\Desktop\大一上\程序设计基础\程序设计基础_2021_大作业_框架与模板\src\ContraGame\ContraGame.cpp(2940,58): warning C4244: “参数”: 从“double”转换到“int”，可能丢失数据
C:\Users\sheep\Desktop\大一上\程序设计基础\程序设计基础_2021_大作业_框架与模板\src\ContraGame\ContraGame.cpp(2940,37): warning C4244: “参数”: 从“double”转换到“int”，可能丢失数据
C:\Users\sheep\Desktop\大一上\程序设计基础\程序设计基础_2021_大作业_框架与模板\src\ContraGame\ContraGame.cpp(2952,63): warning C4244: “参数”: 从“double”转换到“int”，可能丢失数据
C:\Users\sheep\Desktop\大一上\程序设计基础\程序设计基础_2021_大作业_框架与模板\src\ContraGame\ContraGame.cpp(2952,38): warning C4244: “参数”: 从“double”转换到“int”，可能丢失数据
C:\Users\sheep\Desktop\大一上\程序设计基础\程序设计基础_2021_大作业_框架与模板\src\ContraGame\ContraGame.cpp(2965,58): warning C4244: “参数”: 从“double”转换到“int”，可能丢失数据
C:\Users\sheep\Desktop\大一上\程序设计基础\程序设计基础_2021_大作业_框架与模板\src\ContraGame\ContraGame.cpp(2965,37): warning C4244: “参数”: 从“double”转换到“int”，可能丢失数据
C:\Users\sheep\Desktop\大一上\程序设计基础\程序设计基础_2021_大作业_框架与模板\src\ContraGame\ContraGame.cpp(2980,63): warning C4244: “参数”: 从“double”转换到“int”，可能丢失数据
C:\Users\sheep\Desktop\大一上\程序设计基础\程序设计基础_2021_大作业_框架与模板\src\ContraGame\ContraGame.cpp(2980,38): warning C4244: “参数”: 从“double”转换到“int”，可能丢失数据
C:\Users\sheep\Desktop\大一上\程序设计基础\程序设计基础_2021_大作业_框架与模板\src\ContraGame\ContraGame.cpp(3002,21): warning C4018: “<”: 有符号/无符号不匹配
C:\Users\sheep\Desktop\大一上\程序设计基础\程序设计基础_2021_大作业_框架与模板\src\ContraGame\ContraGame.cpp(3014,55): warning C4244: “参数”: 从“double”转换到“int”，可能丢失数据
C:\Users\sheep\Desktop\大一上\程序设计基础\程序设计基础_2021_大作业_框架与模板\src\ContraGame\ContraGame.cpp(3014,29): warning C4244: “参数”: 从“double”转换到“int”，可能丢失数据
C:\Users\sheep\Desktop\大一上\程序设计基础\程序设计基础_2021_大作业_框架与模板\src\ContraGame\ContraGame.cpp(3022,27): warning C4244: “=”: 从“double”转换到“int”，可能丢失数据
C:\Users\sheep\Desktop\大一上\程序设计基础\程序设计基础_2021_大作业_框架与模板\src\ContraGame\ContraGame.cpp(3023,27): warning C4244: “=”: 从“double”转换到“int”，可能丢失数据
C:\Users\sheep\Desktop\大一上\程序设计基础\程序设计基础_2021_大作业_框架与模板\src\ContraGame\ContraGame.cpp(3057,27): warning C4244: “=”: 从“double”转换到“int”，可能丢失数据
C:\Users\sheep\Desktop\大一上\程序设计基础\程序设计基础_2021_大作业_框架与模板\src\ContraGame\ContraGame.cpp(3058,27): warning C4244: “=”: 从“double”转换到“int”，可能丢失数据
C:\Users\sheep\Desktop\大一上\程序设计基础\程序设计基础_2021_大作业_框架与模板\src\ContraGame\ContraGame.cpp(3067,27): warning C4244: “=”: 从“double”转换到“int”，可能丢失数据
C:\Users\sheep\Desktop\大一上\程序设计基础\程序设计基础_2021_大作业_框架与模板\src\ContraGame\ContraGame.cpp(3068,27): warning C4244: “=”: 从“double”转换到“int”，可能丢失数据
C:\Users\sheep\Desktop\大一上\程序设计基础\程序设计基础_2021_大作业_框架与模板\src\ContraGame\ContraGame.cpp(3077,27): warning C4244: “=”: 从“double”转换到“int”，可能丢失数据
C:\Users\sheep\Desktop\大一上\程序设计基础\程序设计基础_2021_大作业_框架与模板\src\ContraGame\ContraGame.cpp(3078,27): warning C4244: “=”: 从“double”转换到“int”，可能丢失数据
C:\Users\sheep\Desktop\大一上\程序设计基础\程序设计基础_2021_大作业_框架与模板\src\ContraGame\ContraGame.cpp(3088,55): warning C4244: “参数”: 从“double”转换到“int”，可能丢失数据
C:\Users\sheep\Desktop\大一上\程序设计基础\程序设计基础_2021_大作业_框架与模板\src\ContraGame\ContraGame.cpp(3088,29): warning C4244: “参数”: 从“double”转换到“int”，可能丢失数据
C:\Users\sheep\Desktop\大一上\程序设计基础\程序设计基础_2021_大作业_框架与模板\src\ContraGame\ContraGame.cpp(3103,36): warning C4244: “参数”: 从“double”转换到“int”，可能丢失数据
C:\Users\sheep\Desktop\大一上\程序设计基础\程序设计基础_2021_大作业_框架与模板\src\ContraGame\ContraGame.cpp(3103,17): warning C4244: “参数”: 从“double”转换到“int”，可能丢失数据
C:\Users\sheep\Desktop\大一上\程序设计基础\程序设计基础_2021_大作业_框架与模板\src\ContraGame\ContraGame.cpp(3102,50): warning C4244: “参数”: 从“double”转换到“int”，可能丢失数据
C:\Users\sheep\Desktop\大一上\程序设计基础\程序设计基础_2021_大作业_框架与模板\src\ContraGame\ContraGame.cpp(3102,30): warning C4244: “参数”: 从“double”转换到“int”，可能丢失数据
C:\Users\sheep\Desktop\大一上\程序设计基础\程序设计基础_2021_大作业_框架与模板\src\ContraGame\ContraGame.cpp(3144,20): warning C4018: “<”: 有符号/无符号不匹配
C:\Users\sheep\Desktop\大一上\程序设计基础\程序设计基础_2021_大作业_框架与模板\src\ContraGame\ContraGame.cpp(3189,12): warning C4244: “参数”: 从“time_t”转换到“unsigned int”，可能丢失数据
  ContraGame.vcxproj -> C:\Users\sheep\Desktop\大一上\程序设计基础\程序设计基础_2021_大作业_框架与模板\src\ContraGame\Debug\ContraGame.exe
